Sat Dec 09 2017 15:25:58 GMT-0800 (Pacific Standard Time): GET /about 
Sat Dec 09 2017 15:26:35 GMT-0800 (Pacific Standard Time): GET / 
Sat Dec 09 2017 15:26:43 GMT-0800 (Pacific Standard Time): GET /about 
Sat Dec 09 2017 15:26:44 GMT-0800 (Pacific Standard Time): GET / 
Sat Dec 09 2017 15:26:46 GMT-0800 (Pacific Standard Time): GET /about 
Sat Dec 09 2017 15:27:18 GMT-0800 (Pacific Standard Time): GET / 
Sat Dec 09 2017 15:27:20 GMT-0800 (Pacific Standard Time): GET /about 
Sat Dec 09 2017 15:27:22 GMT-0800 (Pacific Standard Time): GET / 
Sat Dec 09 2017 15:27:22 GMT-0800 (Pacific Standard Time): GET / 
Sat Dec 09 2017 15:29:05 GMT-0800 (Pacific Standard Time): GET /about 
Sat Dec 09 2017 15:30:40 GMT-0800 (Pacific Standard Time): GET / 
Sat Dec 09 2017 15:31:11 GMT-0800 (Pacific Standard Time): GET / 
Sat Dec 09 2017 15:32:10 GMT-0800 (Pacific Standard Time): GET / 
Sat Dec 09 2017 15:32:11 GMT-0800 (Pacific Standard Time): GET / 
Sat Dec 09 2017 15:32:13 GMT-0800 (Pacific Standard Time): GET /about 
Sat Dec 09 2017 15:34:43 GMT-0800 (Pacific Standard Time): GET / 
Sat Dec 09 2017 15:35:10 GMT-0800 (Pacific Standard Time): GET / 
Sat Dec 09 2017 15:35:10 GMT-0800 (Pacific Standard Time): GET / 
Sat Dec 09 2017 15:35:13 GMT-0800 (Pacific Standard Time): GET / 
Sat Dec 09 2017 15:35:59 GMT-0800 (Pacific Standard Time): GET / 
Sat Dec 09 2017 15:41:42 GMT-0800 (Pacific Standard Time): GET / 
Sat Dec 09 2017 15:41:46 GMT-0800 (Pacific Standard Time): GET / 
Sat Dec 09 2017 15:42:49 GMT-0800 (Pacific Standard Time): GET / 
Sat Dec 09 2017 15:44:04 GMT-0800 (Pacific Standard Time): GET / 
Sat Dec 09 2017 15:44:07 GMT-0800 (Pacific Standard Time): GET /favicon.ico 
Sat Dec 09 2017 15:44:10 GMT-0800 (Pacific Standard Time): GET /about 
Sat Dec 09 2017 15:44:11 GMT-0800 (Pacific Standard Time): GET /favicon.ico 
Sat Dec 09 2017 15:44:15 GMT-0800 (Pacific Standard Time): GET /about 
Sat Dec 09 2017 15:44:15 GMT-0800 (Pacific Standard Time): GET /favicon.ico 
Sat Dec 09 2017 15:47:00 GMT-0800 (Pacific Standard Time): GET /about 
Sat Dec 09 2017 15:47:02 GMT-0800 (Pacific Standard Time): GET /favicon.ico 
Sat Dec 09 2017 15:47:03 GMT-0800 (Pacific Standard Time): GET / 
Sun Dec 10 2017 11:08:22 GMT-0800 (Pacific Standard Time): GET / 
Sun Dec 10 2017 11:08:23 GMT-0800 (Pacific Standard Time): GET /favicon.ico 
Sun Dec 10 2017 11:08:27 GMT-0800 (Pacific Standard Time): GET /about 
Sun Dec 10 2017 11:08:29 GMT-0800 (Pacific Standard Time): GET / 
Sun Dec 10 2017 11:54:09 GMT-0800 (Pacific Standard Time): GET / 
Sun Dec 10 2017 11:54:13 GMT-0800 (Pacific Standard Time): GET /sample/site 
Sun Dec 10 2017 11:55:07 GMT-0800 (Pacific Standard Time): GET /sample/site 
Sun Dec 10 2017 11:55:12 GMT-0800 (Pacific Standard Time): GET /sample/site 
Sun Dec 10 2017 11:55:13 GMT-0800 (Pacific Standard Time): GET /sample/site 
Sun Dec 10 2017 11:55:13 GMT-0800 (Pacific Standard Time): GET /sample/site 
Sun Dec 10 2017 11:55:17 GMT-0800 (Pacific Standard Time): GET /sample 
Sun Dec 10 2017 11:55:17 GMT-0800 (Pacific Standard Time): GET /sample/ 
Sun Dec 10 2017 11:55:17 GMT-0800 (Pacific Standard Time): GET /sample/node_modules/font-awesome/css/font-awesome.min.css 
Sun Dec 10 2017 11:55:17 GMT-0800 (Pacific Standard Time): GET /sample/node_modules/mdbootstrap/css/bootstrap.min.css 
Sun Dec 10 2017 11:55:17 GMT-0800 (Pacific Standard Time): GET /sample/node_modules/mdbootstrap/css/mdb.min.css 
Sun Dec 10 2017 11:55:17 GMT-0800 (Pacific Standard Time): GET /sample/css/styles.css 
Sun Dec 10 2017 11:55:17 GMT-0800 (Pacific Standard Time): GET /sample/node_modules/mdbootstrap/js/jquery-3.2.1.min.js 
Sun Dec 10 2017 11:55:18 GMT-0800 (Pacific Standard Time): GET /sample/node_modules/mdbootstrap/js/popper.min.js 
Sun Dec 10 2017 11:55:18 GMT-0800 (Pacific Standard Time): GET /sample/node_modules/mdbootstrap/js/bootstrap.min.js 
Sun Dec 10 2017 11:55:18 GMT-0800 (Pacific Standard Time): GET /sample/node_modules/mdbootstrap/js/mdb.min.js 
Sun Dec 10 2017 11:55:18 GMT-0800 (Pacific Standard Time): GET /sample/img/w1.jpg 
Sun Dec 10 2017 11:55:18 GMT-0800 (Pacific Standard Time): GET /sample/img/Lighthouse.jpg 
Sun Dec 10 2017 11:55:18 GMT-0800 (Pacific Standard Time): GET /sample/img/smallfresh.jpg 
Sun Dec 10 2017 11:55:18 GMT-0800 (Pacific Standard Time): GET /sample/node_modules/mdbootstrap/font/roboto/Roboto-Light.woff2 
Sun Dec 10 2017 11:55:18 GMT-0800 (Pacific Standard Time): GET /sample/node_modules/font-awesome/fonts/fontawesome-webfont.woff2?v=4.7.0 
Sun Dec 10 2017 11:55:18 GMT-0800 (Pacific Standard Time): GET /sample/node_modules/mdbootstrap/font/roboto/Roboto-Medium.woff2 
Sun Dec 10 2017 11:55:18 GMT-0800 (Pacific Standard Time): GET /sample/node_modules/mdbootstrap/font/roboto/Roboto-Regular.woff2 
Sun Dec 10 2017 11:55:18 GMT-0800 (Pacific Standard Time): GET /sample/node_modules/mdbootstrap/font/roboto/Roboto-Bold.woff2 
Sun Dec 10 2017 11:55:19 GMT-0800 (Pacific Standard Time): GET /sample/img/fresh.jpg 
Sun Dec 10 2017 11:55:19 GMT-0800 (Pacific Standard Time): GET /sample/img/long1.jpg 
Sun Dec 10 2017 11:55:19 GMT-0800 (Pacific Standard Time): GET /sample/img/mmm.jpg 
Sun Dec 10 2017 11:55:19 GMT-0800 (Pacific Standard Time): GET /sample/img/Chrysanthemum.jpg 
Sun Dec 10 2017 11:55:19 GMT-0800 (Pacific Standard Time): GET /sample/img/Tulips.jpg 
Sun Dec 10 2017 11:55:19 GMT-0800 (Pacific Standard Time): GET /sample/img/Hydrangeas.jpg 
Sun Dec 10 2017 11:55:19 GMT-0800 (Pacific Standard Time): GET /sample/img/Desert.jpg 
Sun Dec 10 2017 11:55:19 GMT-0800 (Pacific Standard Time): GET /sample/node_modules/mdbootstrap/img//svg/arrow_right.svg 
Sun Dec 10 2017 11:55:19 GMT-0800 (Pacific Standard Time): GET /sample/node_modules/mdbootstrap/img//svg/arrow_left.svg 
Sun Dec 10 2017 12:03:20 GMT-0800 (Pacific Standard Time): GET / 
Sun Dec 10 2017 12:03:22 GMT-0800 (Pacific Standard Time): GET /sample/ 
Sun Dec 10 2017 12:03:22 GMT-0800 (Pacific Standard Time): GET /sample/node_modules/font-awesome/css/font-awesome.min.css 
Sun Dec 10 2017 12:03:22 GMT-0800 (Pacific Standard Time): GET /sample/node_modules/mdbootstrap/css/bootstrap.min.css 
Sun Dec 10 2017 12:03:22 GMT-0800 (Pacific Standard Time): GET /sample/node_modules/mdbootstrap/css/mdb.min.css 
Sun Dec 10 2017 12:03:23 GMT-0800 (Pacific Standard Time): GET /sample/css/styles.css 
Sun Dec 10 2017 12:03:23 GMT-0800 (Pacific Standard Time): GET /sample/node_modules/mdbootstrap/js/jquery-3.2.1.min.js 
Sun Dec 10 2017 12:03:23 GMT-0800 (Pacific Standard Time): GET /sample/node_modules/mdbootstrap/js/popper.min.js 
Sun Dec 10 2017 12:03:23 GMT-0800 (Pacific Standard Time): GET /sample/node_modules/mdbootstrap/js/bootstrap.min.js 
Sun Dec 10 2017 12:03:23 GMT-0800 (Pacific Standard Time): GET /sample/node_modules/mdbootstrap/js/mdb.min.js 
Sun Dec 10 2017 12:03:23 GMT-0800 (Pacific Standard Time): GET /sample/img/w1.jpg 
Sun Dec 10 2017 12:03:23 GMT-0800 (Pacific Standard Time): GET /sample/img/smallfresh.jpg 
Sun Dec 10 2017 12:03:23 GMT-0800 (Pacific Standard Time): GET /sample/img/Lighthouse.jpg 
Sun Dec 10 2017 12:03:23 GMT-0800 (Pacific Standard Time): GET /sample/node_modules/mdbootstrap/font/roboto/Roboto-Light.woff2 
Sun Dec 10 2017 12:03:23 GMT-0800 (Pacific Standard Time): GET /sample/node_modules/font-awesome/fonts/fontawesome-webfont.woff2?v=4.7.0 
Sun Dec 10 2017 12:03:23 GMT-0800 (Pacific Standard Time): GET /sample/node_modules/mdbootstrap/font/roboto/Roboto-Medium.woff2 
Sun Dec 10 2017 12:03:23 GMT-0800 (Pacific Standard Time): GET /sample/node_modules/mdbootstrap/font/roboto/Roboto-Regular.woff2 
Sun Dec 10 2017 12:03:24 GMT-0800 (Pacific Standard Time): GET /sample/node_modules/mdbootstrap/font/roboto/Roboto-Bold.woff2 
Sun Dec 10 2017 12:03:24 GMT-0800 (Pacific Standard Time): GET /sample/img/fresh.jpg 
Sun Dec 10 2017 12:03:24 GMT-0800 (Pacific Standard Time): GET /sample/img/long1.jpg 
Sun Dec 10 2017 12:03:24 GMT-0800 (Pacific Standard Time): GET /sample/img/mmm.jpg 
Sun Dec 10 2017 12:03:24 GMT-0800 (Pacific Standard Time): GET /sample/img/Chrysanthemum.jpg 
Sun Dec 10 2017 12:03:24 GMT-0800 (Pacific Standard Time): GET /sample/img/Tulips.jpg 
Sun Dec 10 2017 12:03:24 GMT-0800 (Pacific Standard Time): GET /sample/img/Hydrangeas.jpg 
Sun Dec 10 2017 12:03:24 GMT-0800 (Pacific Standard Time): GET /sample/img/Desert.jpg 
Sun Dec 10 2017 12:03:24 GMT-0800 (Pacific Standard Time): GET /sample/node_modules/mdbootstrap/img//svg/arrow_right.svg 
Sun Dec 10 2017 12:03:24 GMT-0800 (Pacific Standard Time): GET /sample/node_modules/mdbootstrap/img//svg/arrow_left.svg 
Sun Dec 10 2017 12:10:14 GMT-0800 (Pacific Standard Time): GET /sample/ 
Sun Dec 10 2017 12:10:14 GMT-0800 (Pacific Standard Time): GET /sample/node_modules/font-awesome/css/font-awesome.min.css 
Sun Dec 10 2017 12:10:14 GMT-0800 (Pacific Standard Time): GET /sample/node_modules/mdbootstrap/css/bootstrap.min.css 
Sun Dec 10 2017 12:10:14 GMT-0800 (Pacific Standard Time): GET /sample/css/styles.css 
Sun Dec 10 2017 12:10:14 GMT-0800 (Pacific Standard Time): GET /sample/node_modules/mdbootstrap/js/jquery-3.2.1.min.js 
Sun Dec 10 2017 12:10:14 GMT-0800 (Pacific Standard Time): GET /sample/node_modules/mdbootstrap/js/popper.min.js 
Sun Dec 10 2017 12:10:14 GMT-0800 (Pacific Standard Time): GET /sample/node_modules/mdbootstrap/js/bootstrap.min.js 
Sun Dec 10 2017 12:10:14 GMT-0800 (Pacific Standard Time): GET /sample/img/w1.jpg 
Sun Dec 10 2017 12:10:14 GMT-0800 (Pacific Standard Time): GET /sample/img/Lighthouse.jpg 
Sun Dec 10 2017 12:10:14 GMT-0800 (Pacific Standard Time): GET /sample/img/smallfresh.jpg 
Sun Dec 10 2017 12:10:14 GMT-0800 (Pacific Standard Time): GET /sample/img/fresh.jpg 
Sun Dec 10 2017 12:10:15 GMT-0800 (Pacific Standard Time): GET /sample/img/long1.jpg 
Sun Dec 10 2017 12:10:15 GMT-0800 (Pacific Standard Time): GET /sample/img/mmm.jpg 
Sun Dec 10 2017 12:10:15 GMT-0800 (Pacific Standard Time): GET /sample/img/Chrysanthemum.jpg 
Sun Dec 10 2017 12:10:15 GMT-0800 (Pacific Standard Time): GET /sample/img/Tulips.jpg 
Sun Dec 10 2017 12:10:15 GMT-0800 (Pacific Standard Time): GET /sample/img/Hydrangeas.jpg 
Sun Dec 10 2017 12:10:15 GMT-0800 (Pacific Standard Time): GET /sample/img/Desert.jpg 
Sun Dec 10 2017 12:12:29 GMT-0800 (Pacific Standard Time): GET /sample/ 
Sun Dec 10 2017 12:12:29 GMT-0800 (Pacific Standard Time): GET /sample/node_modules/font-awesome/css/font-awesome.min.css 
Sun Dec 10 2017 12:12:29 GMT-0800 (Pacific Standard Time): GET /sample/node_modules/mdbootstrap/css/bootstrap.min.css 
Sun Dec 10 2017 12:12:29 GMT-0800 (Pacific Standard Time): GET /sample/css/styles.css 
Sun Dec 10 2017 12:12:29 GMT-0800 (Pacific Standard Time): GET /sample/node_modules/mdbootstrap/js/jquery-3.2.1.min.js 
Sun Dec 10 2017 12:12:29 GMT-0800 (Pacific Standard Time): GET /sample/node_modules/mdbootstrap/js/popper.min.js 
Sun Dec 10 2017 12:12:29 GMT-0800 (Pacific Standard Time): GET /sample/node_modules/mdbootstrap/js/bootstrap.min.js 
Sun Dec 10 2017 12:12:29 GMT-0800 (Pacific Standard Time): GET /sample/img/w1.jpg 
Sun Dec 10 2017 12:12:30 GMT-0800 (Pacific Standard Time): GET /sample/img/Lighthouse.jpg 
Sun Dec 10 2017 12:12:30 GMT-0800 (Pacific Standard Time): GET /sample/img/long1.jpg 
Sun Dec 10 2017 12:12:30 GMT-0800 (Pacific Standard Time): GET /sample/img/smallfresh.jpg 
Sun Dec 10 2017 12:12:30 GMT-0800 (Pacific Standard Time): GET /sample/img/fresh.jpg 
Sun Dec 10 2017 12:12:30 GMT-0800 (Pacific Standard Time): GET /sample/img/mmm.jpg 
Sun Dec 10 2017 12:12:30 GMT-0800 (Pacific Standard Time): GET /sample/img/Chrysanthemum.jpg 
Sun Dec 10 2017 12:12:30 GMT-0800 (Pacific Standard Time): GET /sample/img/Tulips.jpg 
Sun Dec 10 2017 12:12:30 GMT-0800 (Pacific Standard Time): GET /sample/img/Hydrangeas.jpg 
Sun Dec 10 2017 12:12:30 GMT-0800 (Pacific Standard Time): GET /sample/img/Desert.jpg 
Sun Dec 10 2017 12:14:24 GMT-0800 (Pacific Standard Time): GET /sample/ 
Sun Dec 10 2017 12:14:24 GMT-0800 (Pacific Standard Time): GET /sample/css/styles.css 
Sun Dec 10 2017 12:14:24 GMT-0800 (Pacific Standard Time): GET /sample/img/w1.jpg 
Sun Dec 10 2017 12:14:24 GMT-0800 (Pacific Standard Time): GET /sample/img/Lighthouse.jpg 
Sun Dec 10 2017 12:14:24 GMT-0800 (Pacific Standard Time): GET /sample/img/smallfresh.jpg 
Sun Dec 10 2017 12:14:24 GMT-0800 (Pacific Standard Time): GET /sample/img/long1.jpg 
Sun Dec 10 2017 12:14:24 GMT-0800 (Pacific Standard Time): GET /sample/img/mmm.jpg 
Sun Dec 10 2017 12:14:24 GMT-0800 (Pacific Standard Time): GET /sample/img/fresh.jpg 
Sun Dec 10 2017 12:14:24 GMT-0800 (Pacific Standard Time): GET /sample/img/Chrysanthemum.jpg 
Sun Dec 10 2017 12:14:24 GMT-0800 (Pacific Standard Time): GET /sample/img/Tulips.jpg 
Sun Dec 10 2017 12:14:24 GMT-0800 (Pacific Standard Time): GET /sample/img/Hydrangeas.jpg 
Sun Dec 10 2017 12:14:24 GMT-0800 (Pacific Standard Time): GET /sample/img/Desert.jpg 
